[INFO] Scanning for projects...
[WARNING] 
[WARNING] Some problems were encountered while building the effective model for com.tool:CommonUtil:jar:0.0.1-SNAPSHOT
[WARNING] 'dependencies.dependency.version' for org.jetbrains:annotations:jar is either LATEST or RELEASE (both of them are being deprecated) @ line 107, column 22
[WARNING] 
[WARNING] It is highly recommended to fix these problems because they threaten the stability of your build.
[WARNING] 
[WARNING] For this reason, future Maven versions might no longer support building such malformed projects.
[WARNING] 
[INFO] 
[INFO] ------------------------< com.tool:CommonUtil >-------------------------
[INFO] Building OtsUtil 0.0.1-SNAPSHOT
[INFO]   from pom.xml
[INFO] --------------------------------[ jar ]---------------------------------
[INFO] 
[INFO] >>> spring-boot:2.7.5:run (default-cli) > test-compile @ CommonUtil >>>
[WARNING] The artifact mysql:mysql-connector-java:jar:8.0.31 has been relocated to com.mysql:mysql-connector-j:jar:8.0.31: MySQL Connector/J artifacts moved to reverse-DNS compliant Maven 2+ coordinates.
[INFO] 
[INFO] --- resources:3.2.0:resources (default-resources) @ CommonUtil ---
[INFO] Using 'UTF-8' encoding to copy filtered resources.
[INFO] Using 'UTF-8' encoding to copy filtered properties files.
[INFO] Copying 2 resources
[INFO] Copying 4 resources
[INFO] 
[INFO] --- compiler:3.10.1:compile (default-compile) @ CommonUtil ---
[INFO] Changes detected - recompiling the module!
[INFO] Compiling 137 source files to C:\Users\GXL\IdeaProjects\commonUtil\target\classes
[INFO] /C:/Users/GXL/IdeaProjects/commonUtil/src/main/java/com/tool/otsutil/util/ExcelExportUtil.java: C:\Users\GXL\IdeaProjects\commonUtil\src\main\java\com\tool\otsutil\util\ExcelExportUtil.java使用或覆盖了已过时的 API。
[INFO] /C:/Users/GXL/IdeaProjects/commonUtil/src/main/java/com/tool/otsutil/util/ExcelExportUtil.java: 有关详细信息, 请使用 -Xlint:deprecation 重新编译。
[INFO] /C:/Users/GXL/IdeaProjects/commonUtil/src/main/java/com/tool/otsutil/controller/AuthController.java: 某些输入文件使用了未经检查或不安全的操作。
[INFO] /C:/Users/GXL/IdeaProjects/commonUtil/src/main/java/com/tool/otsutil/controller/AuthController.java: 有关详细信息, 请使用 -Xlint:unchecked 重新编译。
[INFO] 
[INFO] --- resources:3.2.0:testResources (default-testResources) @ CommonUtil ---
[INFO] Using 'UTF-8' encoding to copy filtered resources.
[INFO] Using 'UTF-8' encoding to copy filtered properties files.
[INFO] Copying 3 resources
[INFO] 
[INFO] --- compiler:3.10.1:testCompile (default-testCompile) @ CommonUtil ---
[INFO] Changes detected - recompiling the module!
[INFO] Compiling 14 source files to C:\Users\GXL\IdeaProjects\commonUtil\target\test-classes
[INFO] 
[INFO] <<< spring-boot:2.7.5:run (default-cli) < test-compile @ CommonUtil <<<
[INFO] 
[INFO] 
[INFO] --- spring-boot:2.7.5:run (default-cli) @ CommonUtil ---
[INFO] Attaching agents: []

  .   ____          _            __ _ _
 /\\ / ___'_ __ _ _(_)_ __  __ _ \ \ \ \
( ( )\___ | '_ | '_| | '_ \/ _` | \ \ \ \
 \\/  ___)| |_)| | | | | || (_| |  ) ) ) )
  '  |____| .__|_| |_|_| |_\__, | / / / /
 =========|_|==============|___/=/_/_/_/
 :: Spring Boot ::                (v2.7.5)

2026-04-22 00:28:41.134  INFO 76088 --- [           main] com.tool.otsutil.CommonUtilApplication   : Starting CommonUtilApplication using Java 1.8.0_482 on DESKTOP-6794LNS with PID 76088 (C:\Users\GXL\IdeaProjects\commonUtil\target\classes started by GXL in C:\Users\GXL\IdeaProjects\commonUtil)
2026-04-22 00:28:41.136  INFO 76088 --- [           main] com.tool.otsutil.CommonUtilApplication   : The following 1 profile is active: "default"
2026-04-22 00:28:42.351  INFO 76088 --- [           main] o.s.b.w.embedded.tomcat.TomcatWebServer  : Tomcat initialized with port(s): 8091 (http)
2026-04-22 00:28:42.358  INFO 76088 --- [           main] o.apache.catalina.core.StandardService   : Starting service [Tomcat]
2026-04-22 00:28:42.359  INFO 76088 --- [           main] org.apache.catalina.core.StandardEngine  : Starting Servlet engine: [Apache Tomcat/9.0.68]
2026-04-22 00:28:42.464  INFO 76088 --- [           main] o.a.c.c.C.[Tomcat].[localhost].[/]       : Initializing Spring embedded WebApplicationContext
2026-04-22 00:28:42.464  INFO 76088 --- [           main] w.s.c.ServletWebServerApplicationContext : Root WebApplicationContext: initialization completed in 1299 ms
2026-04-22 00:28:42.507  INFO 76088 --- [           main] c.a.d.s.b.a.DruidDataSourceAutoConfigure : Init DruidDataSource
2026-04-22 00:28:42.619  INFO 76088 --- [           main] com.alibaba.druid.pool.DruidDataSource   : {dataSource-1} inited
2026-04-22 00:28:42.772  INFO 76088 --- [           main] com.tool.otsutil.service.api.ApiManager  : API registered: autoFeederRates
2026-04-22 00:28:42.773  INFO 76088 --- [           main] com.tool.otsutil.service.api.ApiManager  : API registered: onlineRates
2026-04-22 00:28:42.774  INFO 76088 --- [           main] com.tool.otsutil.service.api.ApiManager  : API registered: indicatorStatisticRates
2026-04-22 00:28:42.775  INFO 76088 --- [           main] com.tool.otsutil.service.api.ApiManager  : API registered: intelDistributeCoverage
2026-04-22 00:28:42.776  INFO 76088 --- [           main] com.tool.otsutil.service.api.ApiManager  : API registered: rtuRreqUnline
2026-04-22 00:28:42.777  INFO 76088 --- [           main] com.tool.otsutil.service.api.ApiManager  : API registered: defectArchivingRate
2026-04-22 00:28:42.778  INFO 76088 --- [           main] com.tool.otsutil.service.api.ApiManager  : API registered: remoteSuccessRate
2026-04-22 00:28:42.942  WARN 76088 --- [           main] c.b.m.core.metadata.TableInfoHelper      : Can not find table primary key in Class: "com.tool.otsutil.model.entity.InspectionTable".
2026-04-22 00:28:42.946  WARN 76088 --- [           main] c.b.m.core.injector.DefaultSqlInjector   : class com.tool.otsutil.model.entity.InspectionTable ,Not found @TableId annotation, Cannot use Mybatis-Plus 'xxById' Method.
 _ _   |_  _ _|_. ___ _ |    _ 
| | |\/|_)(_| | |_\  |_)||_|_\ 
     /               |         
                        3.5.1 
2026-04-22 00:28:43.882  INFO 76088 --- [           main] c.t.o.util.UniversalFileMonitorService   : UniversalFileMonitorService 初始化完成
2026-04-22 00:28:43.883  INFO 76088 --- [           main] c.t.o.util.UniversalFileMonitorService   : 注册文件处理器: breaker-energy-processor
2026-04-22 00:28:43.883  INFO 76088 --- [           main] c.t.o.util.UniversalFileMonitorService   : 注册文件处理器: csv-processor
2026-04-22 00:28:43.884  INFO 76088 --- [           main] c.t.o.util.UniversalFileMonitorService   : 注册文件处理器: jarDeploy-processor
2026-04-22 00:28:43.884  INFO 76088 --- [           main] c.t.o.util.UniversalFileMonitorService   : 注册文件处理器: topo-processor
2026-04-22 00:28:43.884  INFO 76088 --- [           main] c.t.o.util.UniversalFileMonitorService   : 注册文件处理器: xs-topo-processor
2026-04-22 00:28:43.968  INFO 76088 --- [           main] o.s.b.a.e.web.EndpointLinksResolver      : Exposing 1 endpoint(s) beneath base path '/actuator'
2026-04-22 00:28:43.992  INFO 76088 --- [           main] o.s.b.w.embedded.tomcat.TomcatWebServer  : Tomcat started on port(s): 8091 (http) with context path ''
2026-04-22 00:28:44.000  INFO 76088 --- [           main] s.a.ScheduledAnnotationBeanPostProcessor : No TaskScheduler/ScheduledExecutorService bean found for scheduled processing
2026-04-22 00:28:44.006  INFO 76088 --- [           main] com.tool.otsutil.CommonUtilApplication   : Started CommonUtilApplication in 3.153 seconds (JVM running for 3.52)
2026-04-22 00:28:44.009  INFO 76088 --- [           main] c.t.otsutil.config.DatabaseInitializer   : 开始检查数据库表结构...
2026-04-22 00:28:44.173  INFO 76088 --- [           main] c.t.otsutil.config.DatabaseInitializer   : breaker_energy_data表已存在，跳过创建
2026-04-22 00:32:16.437  INFO 76088 --- [nio-8091-exec-1] o.a.c.c.C.[Tomcat].[localhost].[/]       : Initializing Spring DispatcherServlet 'dispatcherServlet'
2026-04-22 00:32:16.438  INFO 76088 --- [nio-8091-exec-1] o.s.web.servlet.DispatcherServlet        : Initializing Servlet 'dispatcherServlet'
2026-04-22 00:32:16.439  INFO 76088 --- [nio-8091-exec-1] o.s.web.servlet.DispatcherServlet        : Completed initialization in 1 ms
2026-04-22 00:32:17.156 ERROR 76088 --- [nio-8091-exec-7] c.tool.otsutil.exception.ExceptionCatch  : catch custom exception

com.tool.otsutil.exception.CustomException: 密码错误
	at com.tool.otsutil.service.auth.AuthService.login(AuthService.java:24) ~[classes/:na]
	at com.tool.otsutil.controller.AuthController.login(AuthController.java:29) ~[classes/:na]
	at sun.reflect.NativeMethodAccessorImpl.invoke0(Native Method) ~[na:1.8.0_482]
	at sun.reflect.NativeMethodAccessorImpl.invoke(NativeMethodAccessorImpl.java:62) ~[na:1.8.0_482]
	at sun.reflect.DelegatingMethodAccessorImpl.invoke(DelegatingMethodAccessorImpl.java:43) ~[na:1.8.0_482]
	at java.lang.reflect.Method.invoke(Method.java:498) ~[na:1.8.0_482]
	at org.springframework.web.method.support.InvocableHandlerMethod.doInvoke(InvocableHandlerMethod.java:205) ~[spring-web-5.3.23.jar:5.3.23]
	at org.springframework.web.method.support.InvocableHandlerMethod.invokeForRequest(InvocableHandlerMethod.java:150) ~[spring-web-5.3.23.jar:5.3.23]
	at org.springframework.web.servlet.mvc.method.annotation.ServletInvocableHandlerMethod.invokeAndHandle(ServletInvocableHandlerMethod.java:117) ~[spring-webmvc-5.3.23.jar:5.3.23]
	at org.springframework.web.servlet.mvc.method.annotation.RequestMappingHandlerAdapter.invokeHandlerMethod(RequestMappingHandlerAdapter.java:895) ~[spring-webmvc-5.3.23.jar:5.3.23]
	at org.springframework.web.servlet.mvc.method.annotation.RequestMappingHandlerAdapter.handleInternal(RequestMappingHandlerAdapter.java:808) ~[spring-webmvc-5.3.23.jar:5.3.23]
	at org.springframework.web.servlet.mvc.method.AbstractHandlerMethodAdapter.handle(AbstractHandlerMethodAdapter.java:87) ~[spring-webmvc-5.3.23.jar:5.3.23]
	at org.springframework.web.servlet.DispatcherServlet.doDispatch(DispatcherServlet.java:1071) ~[spring-webmvc-5.3.23.jar:5.3.23]
	at org.springframework.web.servlet.DispatcherServlet.doService(DispatcherServlet.java:964) ~[spring-webmvc-5.3.23.jar:5.3.23]
	at org.springframework.web.servlet.FrameworkServlet.processRequest(FrameworkServlet.java:1006) [spring-webmvc-5.3.23.jar:5.3.23]
	at org.springframework.web.servlet.FrameworkServlet.doPost(FrameworkServlet.java:909) [spring-webmvc-5.3.23.jar:5.3.23]
	at javax.servlet.http.HttpServlet.service(HttpServlet.java:696) [tomcat-embed-core-9.0.68.jar:4.0.FR]
	at org.springframework.web.servlet.FrameworkServlet.service(FrameworkServlet.java:883) [spring-webmvc-5.3.23.jar:5.3.23]
	at javax.servlet.http.HttpServlet.service(HttpServlet.java:779) [tomcat-embed-core-9.0.68.jar:4.0.FR]
	at org.apache.catalina.core.ApplicationFilterChain.internalDoFilter(ApplicationFilterChain.java:227) [tomcat-embed-core-9.0.68.jar:9.0.68]
	at org.apache.catalina.core.ApplicationFilterChain.doFilter(ApplicationFilterChain.java:162) [tomcat-embed-core-9.0.68.jar:9.0.68]
	at org.apache.tomcat.websocket.server.WsFilter.doFilter(WsFilter.java:53) [tomcat-embed-websocket-9.0.68.jar:9.0.68]
	at org.apache.catalina.core.ApplicationFilterChain.internalDoFilter(ApplicationFilterChain.java:189) [tomcat-embed-core-9.0.68.jar:9.0.68]
	at org.apache.catalina.core.ApplicationFilterChain.doFilter(ApplicationFilterChain.java:162) [tomcat-embed-core-9.0.68.jar:9.0.68]
	at org.springframework.web.filter.CorsFilter.doFilterInternal(CorsFilter.java:91) [spring-web-5.3.23.jar:5.3.23]
	at org.springframework.web.filter.OncePerRequestFilter.doFilter(OncePerRequestFilter.java:117) [spring-web-5.3.23.jar:5.3.23]
	at org.apache.catalina.core.ApplicationFilterChain.internalDoFilter(ApplicationFilterChain.java:189) [tomcat-embed-core-9.0.68.jar:9.0.68]
	at org.apache.catalina.core.ApplicationFilterChain.doFilter(ApplicationFilterChain.java:162) [tomcat-embed-core-9.0.68.jar:9.0.68]
	at org.springframework.web.filter.RequestContextFilter.doFilterInternal(RequestContextFilter.java:100) [spring-web-5.3.23.jar:5.3.23]
	at org.springframework.web.filter.OncePerRequestFilter.doFilter(OncePerRequestFilter.java:117) [spring-web-5.3.23.jar:5.3.23]
	at org.apache.catalina.core.ApplicationFilterChain.internalDoFilter(ApplicationFilterChain.java:189) [tomcat-embed-core-9.0.68.jar:9.0.68]
	at org.apache.catalina.core.ApplicationFilterChain.doFilter(ApplicationFilterChain.java:162) [tomcat-embed-core-9.0.68.jar:9.0.68]
	at org.springframework.web.filter.FormContentFilter.doFilterInternal(FormContentFilter.java:93) [spring-web-5.3.23.jar:5.3.23]
	at org.springframework.web.filter.OncePerRequestFilter.doFilter(OncePerRequestFilter.java:117) [spring-web-5.3.23.jar:5.3.23]
	at org.apache.catalina.core.ApplicationFilterChain.internalDoFilter(ApplicationFilterChain.java:189) [tomcat-embed-core-9.0.68.jar:9.0.68]
	at org.apache.catalina.core.ApplicationFilterChain.doFilter(ApplicationFilterChain.java:162) [tomcat-embed-core-9.0.68.jar:9.0.68]
	at org.springframework.boot.actuate.metrics.web.servlet.WebMvcMetricsFilter.doFilterInternal(WebMvcMetricsFilter.java:96) [spring-boot-actuator-2.7.5.jar:2.7.5]
	at org.springframework.web.filter.OncePerRequestFilter.doFilter(OncePerRequestFilter.java:117) [spring-web-5.3.23.jar:5.3.23]
	at org.apache.catalina.core.ApplicationFilterChain.internalDoFilter(ApplicationFilterChain.java:189) [tomcat-embed-core-9.0.68.jar:9.0.68]
	at org.apache.catalina.core.ApplicationFilterChain.doFilter(ApplicationFilterChain.java:162) [tomcat-embed-core-9.0.68.jar:9.0.68]
	at org.springframework.web.filter.CharacterEncodingFilter.doFilterInternal(CharacterEncodingFilter.java:201) [spring-web-5.3.23.jar:5.3.23]
	at org.springframework.web.filter.OncePerRequestFilter.doFilter(OncePerRequestFilter.java:117) [spring-web-5.3.23.jar:5.3.23]
	at org.apache.catalina.core.ApplicationFilterChain.internalDoFilter(ApplicationFilterChain.java:189) [tomcat-embed-core-9.0.68.jar:9.0.68]
	at org.apache.catalina.core.ApplicationFilterChain.doFilter(ApplicationFilterChain.java:162) [tomcat-embed-core-9.0.68.jar:9.0.68]
	at org.apache.catalina.core.StandardWrapperValve.invoke(StandardWrapperValve.java:197) [tomcat-embed-core-9.0.68.jar:9.0.68]
	at org.apache.catalina.core.StandardContextValve.invoke(StandardContextValve.java:97) [tomcat-embed-core-9.0.68.jar:9.0.68]
	at org.apache.catalina.authenticator.AuthenticatorBase.invoke(AuthenticatorBase.java:541) [tomcat-embed-core-9.0.68.jar:9.0.68]
	at org.apache.catalina.core.StandardHostValve.invoke(StandardHostValve.java:135) [tomcat-embed-core-9.0.68.jar:9.0.68]
	at org.apache.catalina.valves.ErrorReportValve.invoke(ErrorReportValve.java:92) [tomcat-embed-core-9.0.68.jar:9.0.68]
	at org.apache.catalina.core.StandardEngineValve.invoke(StandardEngineValve.java:78) [tomcat-embed-core-9.0.68.jar:9.0.68]
	at org.apache.catalina.connector.CoyoteAdapter.service(CoyoteAdapter.java:360) [tomcat-embed-core-9.0.68.jar:9.0.68]
	at org.apache.coyote.http11.Http11Processor.service(Http11Processor.java:399) [tomcat-embed-core-9.0.68.jar:9.0.68]
	at org.apache.coyote.AbstractProcessorLight.process(AbstractProcessorLight.java:65) [tomcat-embed-core-9.0.68.jar:9.0.68]
	at org.apache.coyote.AbstractProtocol$ConnectionHandler.process(AbstractProtocol.java:893) [tomcat-embed-core-9.0.68.jar:9.0.68]
	at org.apache.tomcat.util.net.NioEndpoint$SocketProcessor.doRun(NioEndpoint.java:1789) [tomcat-embed-core-9.0.68.jar:9.0.68]
	at org.apache.tomcat.util.net.SocketProcessorBase.run(SocketProcessorBase.java:49) [tomcat-embed-core-9.0.68.jar:9.0.68]
	at org.apache.tomcat.util.threads.ThreadPoolExecutor.runWorker(ThreadPoolExecutor.java:1191) [tomcat-embed-core-9.0.68.jar:9.0.68]
	at org.apache.tomcat.util.threads.ThreadPoolExecutor$Worker.run(ThreadPoolExecutor.java:659) [tomcat-embed-core-9.0.68.jar:9.0.68]
	at org.apache.tomcat.util.threads.TaskThread$WrappingRunnable.run(TaskThread.java:61) [tomcat-embed-core-9.0.68.jar:9.0.68]
	at java.lang.Thread.run(Thread.java:750) [na:1.8.0_482]

2026-04-22 00:32:18.365  INFO 76088 --- [nio-8091-exec-9] c.t.o.s.I.TuMoStatisticsService          : 正在处理文件夹：C:\\Users\\GXL\\Desktop\\工作\\zytumo\\20260421\\35401
2026-04-22 00:32:18.365  INFO 76088 --- [nio-8091-exec-9] c.t.o.s.I.TuMoStatisticsService          : 正在处理文件夹：C:\\Users\\GXL\\Desktop\\工作\\zytumo\\20260421\\35402
2026-04-22 00:32:18.365  INFO 76088 --- [nio-8091-exec-9] c.t.o.s.I.TuMoStatisticsService          : 正在处理文件夹：C:\\Users\\GXL\\Desktop\\工作\\zytumo\\20260421\\35403
2026-04-22 00:32:18.367  INFO 76088 --- [nio-8091-exec-9] c.t.o.s.I.TuMoStatisticsService          : 正在处理文件夹：C:\\Users\\GXL\\Desktop\\工作\\zytumo\\20260421\\35404
2026-04-22 00:32:18.367  INFO 76088 --- [nio-8091-exec-9] c.t.o.s.I.TuMoStatisticsService          : 正在处理文件夹：C:\\Users\\GXL\\Desktop\\工作\\zytumo\\20260421\\35405
2026-04-22 00:32:18.367  INFO 76088 --- [nio-8091-exec-9] c.t.o.s.I.TuMoStatisticsService          : 正在处理文件夹：C:\\Users\\GXL\\Desktop\\工作\\zytumo\\20260421\\35406
2026-04-22 00:32:18.368  INFO 76088 --- [nio-8091-exec-9] c.t.o.s.I.TuMoStatisticsService          : 正在处理文件夹：C:\\Users\\GXL\\Desktop\\工作\\zytumo\\20260421\\35407
2026-04-22 00:32:18.368  INFO 76088 --- [nio-8091-exec-9] c.t.o.s.I.TuMoStatisticsService          : 正在处理文件夹：C:\\Users\\GXL\\Desktop\\工作\\zytumo\\20260421\\35408
2026-04-22 00:32:18.368  INFO 76088 --- [nio-8091-exec-9] c.t.o.s.I.TuMoStatisticsService          : 正在处理文件夹：C:\\Users\\GXL\\Desktop\\工作\\zytumo\\20260421\\35409
2026-04-22 00:32:18.368  INFO 76088 --- [nio-8091-exec-9] c.t.o.s.I.TuMoStatisticsService          : 统计结果：{35405=0, 35404=0, 35403=0, 35402=0, 35401=0, 35409=0, 35408=0, 35407=0, 35406=0}
2026-04-22 00:32:18.369  INFO 76088 --- [nio-8091-exec-9] c.t.o.s.I.TuMoStatisticsService          : 正在处理文件夹：C:\\Users\\GXL\\Desktop\\工作\\dytumo\\20260421\\35401
2026-04-22 00:32:18.369  INFO 76088 --- [nio-8091-exec-9] c.t.o.s.I.TuMoStatisticsService          : 正在处理文件夹：C:\\Users\\GXL\\Desktop\\工作\\dytumo\\20260421\\35402
2026-04-22 00:32:18.369  INFO 76088 --- [nio-8091-exec-9] c.t.o.s.I.TuMoStatisticsService          : 正在处理文件夹：C:\\Users\\GXL\\Desktop\\工作\\dytumo\\20260421\\35403
2026-04-22 00:32:18.369  INFO 76088 --- [nio-8091-exec-9] c.t.o.s.I.TuMoStatisticsService          : 正在处理文件夹：C:\\Users\\GXL\\Desktop\\工作\\dytumo\\20260421\\35404
2026-04-22 00:32:18.369  INFO 76088 --- [nio-8091-exec-9] c.t.o.s.I.TuMoStatisticsService          : 正在处理文件夹：C:\\Users\\GXL\\Desktop\\工作\\dytumo\\20260421\\35405
2026-04-22 00:32:18.370  INFO 76088 --- [nio-8091-exec-9] c.t.o.s.I.TuMoStatisticsService          : 正在处理文件夹：C:\\Users\\GXL\\Desktop\\工作\\dytumo\\20260421\\35406
2026-04-22 00:32:18.370  INFO 76088 --- [nio-8091-exec-9] c.t.o.s.I.TuMoStatisticsService          : 正在处理文件夹：C:\\Users\\GXL\\Desktop\\工作\\dytumo\\20260421\\35407
2026-04-22 00:32:18.370  INFO 76088 --- [nio-8091-exec-9] c.t.o.s.I.TuMoStatisticsService          : 正在处理文件夹：C:\\Users\\GXL\\Desktop\\工作\\dytumo\\20260421\\35408
2026-04-22 00:32:18.370  INFO 76088 --- [nio-8091-exec-9] c.t.o.s.I.TuMoStatisticsService          : 正在处理文件夹：C:\\Users\\GXL\\Desktop\\工作\\dytumo\\20260421\\35409
2026-04-22 00:32:18.370  INFO 76088 --- [nio-8091-exec-9] c.t.o.s.I.TuMoStatisticsService          : 统计结果：{35405=0, 35404=0, 35403=0, 35402=0, 35401=0, 35409=0, 35408=0, 35407=0, 35406=0}
2026-04-22 00:32:50.680 ERROR 76088 --- [nio-8091-exec-1] c.tool.otsutil.exception.ExceptionCatch  : catch custom exception

com.tool.otsutil.exception.CustomException: 密码错误
	at com.tool.otsutil.service.auth.AuthService.login(AuthService.java:24) ~[classes/:na]
	at com.tool.otsutil.controller.AuthController.login(AuthController.java:29) ~[classes/:na]
	at sun.reflect.NativeMethodAccessorImpl.invoke0(Native Method) ~[na:1.8.0_482]
	at sun.reflect.NativeMethodAccessorImpl.invoke(NativeMethodAccessorImpl.java:62) ~[na:1.8.0_482]
	at sun.reflect.DelegatingMethodAccessorImpl.invoke(DelegatingMethodAccessorImpl.java:43) ~[na:1.8.0_482]
	at java.lang.reflect.Method.invoke(Method.java:498) ~[na:1.8.0_482]
	at org.springframework.web.method.support.InvocableHandlerMethod.doInvoke(InvocableHandlerMethod.java:205) ~[spring-web-5.3.23.jar:5.3.23]
	at org.springframework.web.method.support.InvocableHandlerMethod.invokeForRequest(InvocableHandlerMethod.java:150) ~[spring-web-5.3.23.jar:5.3.23]
	at org.springframework.web.servlet.mvc.method.annotation.ServletInvocableHandlerMethod.invokeAndHandle(ServletInvocableHandlerMethod.java:117) ~[spring-webmvc-5.3.23.jar:5.3.23]
	at org.springframework.web.servlet.mvc.method.annotation.RequestMappingHandlerAdapter.invokeHandlerMethod(RequestMappingHandlerAdapter.java:895) ~[spring-webmvc-5.3.23.jar:5.3.23]
	at org.springframework.web.servlet.mvc.method.annotation.RequestMappingHandlerAdapter.handleInternal(RequestMappingHandlerAdapter.java:808) ~[spring-webmvc-5.3.23.jar:5.3.23]
	at org.springframework.web.servlet.mvc.method.AbstractHandlerMethodAdapter.handle(AbstractHandlerMethodAdapter.java:87) ~[spring-webmvc-5.3.23.jar:5.3.23]
	at org.springframework.web.servlet.DispatcherServlet.doDispatch(DispatcherServlet.java:1071) ~[spring-webmvc-5.3.23.jar:5.3.23]
	at org.springframework.web.servlet.DispatcherServlet.doService(DispatcherServlet.java:964) ~[spring-webmvc-5.3.23.jar:5.3.23]
	at org.springframework.web.servlet.FrameworkServlet.processRequest(FrameworkServlet.java:1006) [spring-webmvc-5.3.23.jar:5.3.23]
	at org.springframework.web.servlet.FrameworkServlet.doPost(FrameworkServlet.java:909) [spring-webmvc-5.3.23.jar:5.3.23]
	at javax.servlet.http.HttpServlet.service(HttpServlet.java:696) [tomcat-embed-core-9.0.68.jar:4.0.FR]
	at org.springframework.web.servlet.FrameworkServlet.service(FrameworkServlet.java:883) [spring-webmvc-5.3.23.jar:5.3.23]
	at javax.servlet.http.HttpServlet.service(HttpServlet.java:779) [tomcat-embed-core-9.0.68.jar:4.0.FR]
	at org.apache.catalina.core.ApplicationFilterChain.internalDoFilter(ApplicationFilterChain.java:227) [tomcat-embed-core-9.0.68.jar:9.0.68]
	at org.apache.catalina.core.ApplicationFilterChain.doFilter(ApplicationFilterChain.java:162) [tomcat-embed-core-9.0.68.jar:9.0.68]
	at org.apache.tomcat.websocket.server.WsFilter.doFilter(WsFilter.java:53) [tomcat-embed-websocket-9.0.68.jar:9.0.68]
	at org.apache.catalina.core.ApplicationFilterChain.internalDoFilter(ApplicationFilterChain.java:189) [tomcat-embed-core-9.0.68.jar:9.0.68]
	at org.apache.catalina.core.ApplicationFilterChain.doFilter(ApplicationFilterChain.java:162) [tomcat-embed-core-9.0.68.jar:9.0.68]
	at org.springframework.web.filter.CorsFilter.doFilterInternal(CorsFilter.java:91) [spring-web-5.3.23.jar:5.3.23]
	at org.springframework.web.filter.OncePerRequestFilter.doFilter(OncePerRequestFilter.java:117) [spring-web-5.3.23.jar:5.3.23]
	at org.apache.catalina.core.ApplicationFilterChain.internalDoFilter(ApplicationFilterChain.java:189) [tomcat-embed-core-9.0.68.jar:9.0.68]
	at org.apache.catalina.core.ApplicationFilterChain.doFilter(ApplicationFilterChain.java:162) [tomcat-embed-core-9.0.68.jar:9.0.68]
	at org.springframework.web.filter.RequestContextFilter.doFilterInternal(RequestContextFilter.java:100) [spring-web-5.3.23.jar:5.3.23]
	at org.springframework.web.filter.OncePerRequestFilter.doFilter(OncePerRequestFilter.java:117) [spring-web-5.3.23.jar:5.3.23]
	at org.apache.catalina.core.ApplicationFilterChain.internalDoFilter(ApplicationFilterChain.java:189) [tomcat-embed-core-9.0.68.jar:9.0.68]
	at org.apache.catalina.core.ApplicationFilterChain.doFilter(ApplicationFilterChain.java:162) [tomcat-embed-core-9.0.68.jar:9.0.68]
	at org.springframework.web.filter.FormContentFilter.doFilterInternal(FormContentFilter.java:93) [spring-web-5.3.23.jar:5.3.23]
	at org.springframework.web.filter.OncePerRequestFilter.doFilter(OncePerRequestFilter.java:117) [spring-web-5.3.23.jar:5.3.23]
	at org.apache.catalina.core.ApplicationFilterChain.internalDoFilter(ApplicationFilterChain.java:189) [tomcat-embed-core-9.0.68.jar:9.0.68]
	at org.apache.catalina.core.ApplicationFilterChain.doFilter(ApplicationFilterChain.java:162) [tomcat-embed-core-9.0.68.jar:9.0.68]
	at org.springframework.boot.actuate.metrics.web.servlet.WebMvcMetricsFilter.doFilterInternal(WebMvcMetricsFilter.java:96) [spring-boot-actuator-2.7.5.jar:2.7.5]
	at org.springframework.web.filter.OncePerRequestFilter.doFilter(OncePerRequestFilter.java:117) [spring-web-5.3.23.jar:5.3.23]
	at org.apache.catalina.core.ApplicationFilterChain.internalDoFilter(ApplicationFilterChain.java:189) [tomcat-embed-core-9.0.68.jar:9.0.68]
	at org.apache.catalina.core.ApplicationFilterChain.doFilter(ApplicationFilterChain.java:162) [tomcat-embed-core-9.0.68.jar:9.0.68]
	at org.springframework.web.filter.CharacterEncodingFilter.doFilterInternal(CharacterEncodingFilter.java:201) [spring-web-5.3.23.jar:5.3.23]
	at org.springframework.web.filter.OncePerRequestFilter.doFilter(OncePerRequestFilter.java:117) [spring-web-5.3.23.jar:5.3.23]
	at org.apache.catalina.core.ApplicationFilterChain.internalDoFilter(ApplicationFilterChain.java:189) [tomcat-embed-core-9.0.68.jar:9.0.68]
	at org.apache.catalina.core.ApplicationFilterChain.doFilter(ApplicationFilterChain.java:162) [tomcat-embed-core-9.0.68.jar:9.0.68]
	at org.apache.catalina.core.StandardWrapperValve.invoke(StandardWrapperValve.java:197) [tomcat-embed-core-9.0.68.jar:9.0.68]
	at org.apache.catalina.core.StandardContextValve.invoke(StandardContextValve.java:97) [tomcat-embed-core-9.0.68.jar:9.0.68]
	at org.apache.catalina.authenticator.AuthenticatorBase.invoke(AuthenticatorBase.java:541) [tomcat-embed-core-9.0.68.jar:9.0.68]
	at org.apache.catalina.core.StandardHostValve.invoke(StandardHostValve.java:135) [tomcat-embed-core-9.0.68.jar:9.0.68]
	at org.apache.catalina.valves.ErrorReportValve.invoke(ErrorReportValve.java:92) [tomcat-embed-core-9.0.68.jar:9.0.68]
	at org.apache.catalina.core.StandardEngineValve.invoke(StandardEngineValve.java:78) [tomcat-embed-core-9.0.68.jar:9.0.68]
	at org.apache.catalina.connector.CoyoteAdapter.service(CoyoteAdapter.java:360) [tomcat-embed-core-9.0.68.jar:9.0.68]
	at org.apache.coyote.http11.Http11Processor.service(Http11Processor.java:399) [tomcat-embed-core-9.0.68.jar:9.0.68]
	at org.apache.coyote.AbstractProcessorLight.process(AbstractProcessorLight.java:65) [tomcat-embed-core-9.0.68.jar:9.0.68]
	at org.apache.coyote.AbstractProtocol$ConnectionHandler.process(AbstractProtocol.java:893) [tomcat-embed-core-9.0.68.jar:9.0.68]
	at org.apache.tomcat.util.net.NioEndpoint$SocketProcessor.doRun(NioEndpoint.java:1789) [tomcat-embed-core-9.0.68.jar:9.0.68]
	at org.apache.tomcat.util.net.SocketProcessorBase.run(SocketProcessorBase.java:49) [tomcat-embed-core-9.0.68.jar:9.0.68]
	at org.apache.tomcat.util.threads.ThreadPoolExecutor.runWorker(ThreadPoolExecutor.java:1191) [tomcat-embed-core-9.0.68.jar:9.0.68]
	at org.apache.tomcat.util.threads.ThreadPoolExecutor$Worker.run(ThreadPoolExecutor.java:659) [tomcat-embed-core-9.0.68.jar:9.0.68]
	at org.apache.tomcat.util.threads.TaskThread$WrappingRunnable.run(TaskThread.java:61) [tomcat-embed-core-9.0.68.jar:9.0.68]
	at java.lang.Thread.run(Thread.java:750) [na:1.8.0_482]

2026-04-22 00:32:51.753  INFO 76088 --- [nio-8091-exec-7] c.t.o.s.I.TuMoStatisticsService          : 正在处理文件夹：C:\\Users\\GXL\\Desktop\\工作\\zytumo\\20260421\\35401
2026-04-22 00:32:51.757  INFO 76088 --- [nio-8091-exec-7] c.t.o.s.I.TuMoStatisticsService          : 正在处理文件夹：C:\\Users\\GXL\\Desktop\\工作\\zytumo\\20260421\\35402
2026-04-22 00:32:51.758  INFO 76088 --- [nio-8091-exec-7] c.t.o.s.I.TuMoStatisticsService          : 正在处理文件夹：C:\\Users\\GXL\\Desktop\\工作\\zytumo\\20260421\\35403
2026-04-22 00:32:51.758  INFO 76088 --- [nio-8091-exec-7] c.t.o.s.I.TuMoStatisticsService          : 正在处理文件夹：C:\\Users\\GXL\\Desktop\\工作\\zytumo\\20260421\\35404
2026-04-22 00:32:51.758  INFO 76088 --- [nio-8091-exec-7] c.t.o.s.I.TuMoStatisticsService          : 正在处理文件夹：C:\\Users\\GXL\\Desktop\\工作\\zytumo\\20260421\\35405
2026-04-22 00:32:51.759  INFO 76088 --- [nio-8091-exec-7] c.t.o.s.I.TuMoStatisticsService          : 正在处理文件夹：C:\\Users\\GXL\\Desktop\\工作\\zytumo\\20260421\\35406
2026-04-22 00:32:51.759  INFO 76088 --- [nio-8091-exec-7] c.t.o.s.I.TuMoStatisticsService          : 正在处理文件夹：C:\\Users\\GXL\\Desktop\\工作\\zytumo\\20260421\\35407
2026-04-22 00:32:51.759  INFO 76088 --- [nio-8091-exec-7] c.t.o.s.I.TuMoStatisticsService          : 正在处理文件夹：C:\\Users\\GXL\\Desktop\\工作\\zytumo\\20260421\\35408
2026-04-22 00:32:51.759  INFO 76088 --- [nio-8091-exec-7] c.t.o.s.I.TuMoStatisticsService          : 正在处理文件夹：C:\\Users\\GXL\\Desktop\\工作\\zytumo\\20260421\\35409
2026-04-22 00:32:51.760  INFO 76088 --- [nio-8091-exec-7] c.t.o.s.I.TuMoStatisticsService          : 统计结果：{35405=0, 35404=0, 35403=0, 35402=0, 35401=0, 35409=0, 35408=0, 35407=0, 35406=0}
2026-04-22 00:32:51.760  INFO 76088 --- [nio-8091-exec-7] c.t.o.s.I.TuMoStatisticsService          : 正在处理文件夹：C:\\Users\\GXL\\Desktop\\工作\\dytumo\\20260421\\35401
2026-04-22 00:32:51.760  INFO 76088 --- [nio-8091-exec-7] c.t.o.s.I.TuMoStatisticsService          : 正在处理文件夹：C:\\Users\\GXL\\Desktop\\工作\\dytumo\\20260421\\35402
2026-04-22 00:32:51.760  INFO 76088 --- [nio-8091-exec-7] c.t.o.s.I.TuMoStatisticsService          : 正在处理文件夹：C:\\Users\\GXL\\Desktop\\工作\\dytumo\\20260421\\35403
2026-04-22 00:32:51.760  INFO 76088 --- [nio-8091-exec-7] c.t.o.s.I.TuMoStatisticsService          : 正在处理文件夹：C:\\Users\\GXL\\Desktop\\工作\\dytumo\\20260421\\35404
2026-04-22 00:32:51.761  INFO 76088 --- [nio-8091-exec-7] c.t.o.s.I.TuMoStatisticsService          : 正在处理文件夹：C:\\Users\\GXL\\Desktop\\工作\\dytumo\\20260421\\35405
2026-04-22 00:32:51.761  INFO 76088 --- [nio-8091-exec-7] c.t.o.s.I.TuMoStatisticsService          : 正在处理文件夹：C:\\Users\\GXL\\Desktop\\工作\\dytumo\\20260421\\35406
2026-04-22 00:32:51.761  INFO 76088 --- [nio-8091-exec-7] c.t.o.s.I.TuMoStatisticsService          : 正在处理文件夹：C:\\Users\\GXL\\Desktop\\工作\\dytumo\\20260421\\35407
2026-04-22 00:32:51.761  INFO 76088 --- [nio-8091-exec-7] c.t.o.s.I.TuMoStatisticsService          : 正在处理文件夹：C:\\Users\\GXL\\Desktop\\工作\\dytumo\\20260421\\35408
2026-04-22 00:32:51.761  INFO 76088 --- [nio-8091-exec-7] c.t.o.s.I.TuMoStatisticsService          : 正在处理文件夹：C:\\Users\\GXL\\Desktop\\工作\\dytumo\\20260421\\35409
2026-04-22 00:32:51.762  INFO 76088 --- [nio-8091-exec-7] c.t.o.s.I.TuMoStatisticsService          : 统计结果：{35405=0, 35404=0, 35403=0, 35402=0, 35401=0, 35409=0, 35408=0, 35407=0, 35406=0}
[INFO] ------------------------------------------------------------------------
[INFO] BUILD FAILURE
[INFO] ------------------------------------------------------------------------
[INFO] Total time:  04:36 min
[INFO] Finished at: 2026-04-22T00:33:04+08:00
[INFO] ------------------------------------------------------------------------
[ERROR] Failed to execute goal org.springframework.boot:spring-boot-maven-plugin:2.7.5:run (default-cli) on project CommonUtil: Application finished with exit code: -1 -> [Help 1]
[ERROR] 
[ERROR] To see the full stack trace of the errors, re-run Maven with the -e switch.
[ERROR] Re-run Maven using the -X switch to enable full debug logging.
[ERROR] 
[ERROR] For more information about the errors and possible solutions, please read the following articles:
[ERROR] [Help 1] http://cwiki.apache.org/confluence/display/MAVEN/MojoExecutionException
