[INFO] Scanning for projects...
[WARNING] 
[WARNING] Some problems were encountered while building the effective model for com.tool:CommonUtil:jar:0.0.1-SNAPSHOT
[WARNING] 'dependencies.dependency.version' for org.jetbrains:annotations:jar is either LATEST or RELEASE (both of them are being deprecated) @ line 107, column 22
[WARNING] 
[WARNING] It is highly recommended to fix these problems because they threaten the stability of your build.
[WARNING] 
[WARNING] For this reason, future Maven versions might no longer support building such malformed projects.
[WARNING] 
[INFO] 
[INFO] ------------------------< com.tool:CommonUtil >-------------------------
[INFO] Building OtsUtil 0.0.1-SNAPSHOT
[INFO]   from pom.xml
[INFO] --------------------------------[ jar ]---------------------------------
[INFO] 
[INFO] >>> spring-boot:2.7.5:run (default-cli) > test-compile @ CommonUtil >>>
[WARNING] The artifact mysql:mysql-connector-java:jar:8.0.31 has been relocated to com.mysql:mysql-connector-j:jar:8.0.31: MySQL Connector/J artifacts moved to reverse-DNS compliant Maven 2+ coordinates.
[INFO] 
[INFO] --- resources:3.2.0:resources (default-resources) @ CommonUtil ---
[INFO] Using 'UTF-8' encoding to copy filtered resources.
[INFO] Using 'UTF-8' encoding to copy filtered properties files.
[INFO] Copying 2 resources
[INFO] Copying 4 resources
[INFO] 
[INFO] --- compiler:3.10.1:compile (default-compile) @ CommonUtil ---
[INFO] Changes detected - recompiling the module!
[INFO] Compiling 137 source files to C:\Users\GXL\IdeaProjects\commonUtil\target\classes
[INFO] /C:/Users/GXL/IdeaProjects/commonUtil/src/main/java/com/tool/otsutil/util/ExcelExportUtil.java: C:\Users\GXL\IdeaProjects\commonUtil\src\main\java\com\tool\otsutil\util\ExcelExportUtil.java使用或覆盖了已过时的 API。
[INFO] /C:/Users/GXL/IdeaProjects/commonUtil/src/main/java/com/tool/otsutil/util/ExcelExportUtil.java: 有关详细信息, 请使用 -Xlint:deprecation 重新编译。
[INFO] /C:/Users/GXL/IdeaProjects/commonUtil/src/main/java/com/tool/otsutil/controller/AuthController.java: 某些输入文件使用了未经检查或不安全的操作。
[INFO] /C:/Users/GXL/IdeaProjects/commonUtil/src/main/java/com/tool/otsutil/controller/AuthController.java: 有关详细信息, 请使用 -Xlint:unchecked 重新编译。
[INFO] 
[INFO] --- resources:3.2.0:testResources (default-testResources) @ CommonUtil ---
[INFO] Using 'UTF-8' encoding to copy filtered resources.
[INFO] Using 'UTF-8' encoding to copy filtered properties files.
[INFO] Copying 3 resources
[INFO] 
[INFO] --- compiler:3.10.1:testCompile (default-testCompile) @ CommonUtil ---
[INFO] Changes detected - recompiling the module!
[INFO] Compiling 14 source files to C:\Users\GXL\IdeaProjects\commonUtil\target\test-classes
[INFO] 
[INFO] <<< spring-boot:2.7.5:run (default-cli) < test-compile @ CommonUtil <<<
[INFO] 
[INFO] 
[INFO] --- spring-boot:2.7.5:run (default-cli) @ CommonUtil ---
[INFO] Attaching agents: []

  .   ____          _            __ _ _
 /\\ / ___'_ __ _ _(_)_ __  __ _ \ \ \ \
( ( )\___ | '_ | '_| | '_ \/ _` | \ \ \ \
 \\/  ___)| |_)| | | | | || (_| |  ) ) ) )
  '  |____| .__|_| |_|_| |_\__, | / / / /
 =========|_|==============|___/=/_/_/_/
 :: Spring Boot ::                (v2.7.5)

2026-04-22 00:52:57.908  INFO 84960 --- [           main] com.tool.otsutil.CommonUtilApplication   : Starting CommonUtilApplication using Java 1.8.0_482 on DESKTOP-6794LNS with PID 84960 (C:\Users\GXL\IdeaProjects\commonUtil\target\classes started by GXL in C:\Users\GXL\IdeaProjects\commonUtil)
2026-04-22 00:52:57.910  INFO 84960 --- [           main] com.tool.otsutil.CommonUtilApplication   : The following 1 profile is active: "default"
2026-04-22 00:52:59.065  INFO 84960 --- [           main] o.s.b.w.embedded.tomcat.TomcatWebServer  : Tomcat initialized with port(s): 8091 (http)
2026-04-22 00:52:59.072  INFO 84960 --- [           main] o.apache.catalina.core.StandardService   : Starting service [Tomcat]
2026-04-22 00:52:59.072  INFO 84960 --- [           main] org.apache.catalina.core.StandardEngine  : Starting Servlet engine: [Apache Tomcat/9.0.68]
2026-04-22 00:52:59.176  INFO 84960 --- [           main] o.a.c.c.C.[Tomcat].[localhost].[/]       : Initializing Spring embedded WebApplicationContext
2026-04-22 00:52:59.177  INFO 84960 --- [           main] w.s.c.ServletWebServerApplicationContext : Root WebApplicationContext: initialization completed in 1238 ms
2026-04-22 00:52:59.214  INFO 84960 --- [           main] c.a.d.s.b.a.DruidDataSourceAutoConfigure : Init DruidDataSource
2026-04-22 00:52:59.313  INFO 84960 --- [           main] com.alibaba.druid.pool.DruidDataSource   : {dataSource-1} inited
2026-04-22 00:52:59.469  INFO 84960 --- [           main] com.tool.otsutil.service.api.ApiManager  : API registered: autoFeederRates
2026-04-22 00:52:59.472  INFO 84960 --- [           main] com.tool.otsutil.service.api.ApiManager  : API registered: onlineRates
2026-04-22 00:52:59.473  INFO 84960 --- [           main] com.tool.otsutil.service.api.ApiManager  : API registered: indicatorStatisticRates
2026-04-22 00:52:59.474  INFO 84960 --- [           main] com.tool.otsutil.service.api.ApiManager  : API registered: intelDistributeCoverage
2026-04-22 00:52:59.475  INFO 84960 --- [           main] com.tool.otsutil.service.api.ApiManager  : API registered: rtuRreqUnline
2026-04-22 00:52:59.475  INFO 84960 --- [           main] com.tool.otsutil.service.api.ApiManager  : API registered: defectArchivingRate
2026-04-22 00:52:59.476  INFO 84960 --- [           main] com.tool.otsutil.service.api.ApiManager  : API registered: remoteSuccessRate
2026-04-22 00:52:59.634  WARN 84960 --- [           main] c.b.m.core.metadata.TableInfoHelper      : Can not find table primary key in Class: "com.tool.otsutil.model.entity.InspectionTable".
2026-04-22 00:52:59.637  WARN 84960 --- [           main] c.b.m.core.injector.DefaultSqlInjector   : class com.tool.otsutil.model.entity.InspectionTable ,Not found @TableId annotation, Cannot use Mybatis-Plus 'xxById' Method.
 _ _   |_  _ _|_. ___ _ |    _ 
| | |\/|_)(_| | |_\  |_)||_|_\ 
     /               |         
                        3.5.1 
2026-04-22 00:53:00.515  INFO 84960 --- [           main] c.t.o.util.UniversalFileMonitorService   : UniversalFileMonitorService 初始化完成
2026-04-22 00:53:00.520  INFO 84960 --- [           main] c.t.o.util.UniversalFileMonitorService   : 注册文件处理器: breaker-energy-processor
2026-04-22 00:53:00.520  INFO 84960 --- [           main] c.t.o.util.UniversalFileMonitorService   : 注册文件处理器: csv-processor
2026-04-22 00:53:00.521  INFO 84960 --- [           main] c.t.o.util.UniversalFileMonitorService   : 注册文件处理器: jarDeploy-processor
2026-04-22 00:53:00.521  INFO 84960 --- [           main] c.t.o.util.UniversalFileMonitorService   : 注册文件处理器: topo-processor
2026-04-22 00:53:00.521  INFO 84960 --- [           main] c.t.o.util.UniversalFileMonitorService   : 注册文件处理器: xs-topo-processor
2026-04-22 00:53:00.607  INFO 84960 --- [           main] o.s.b.a.e.web.EndpointLinksResolver      : Exposing 1 endpoint(s) beneath base path '/actuator'
2026-04-22 00:53:00.628  WARN 84960 --- [           main] ConfigServletWebServerApplicationContext : Exception encountered during context initialization - cancelling refresh attempt: org.springframework.context.ApplicationContextException: Failed to start bean 'webServerStartStop'; nested exception is org.springframework.boot.web.server.PortInUseException: Port 8091 is already in use
2026-04-22 00:53:00.633  INFO 84960 --- [           main] com.alibaba.druid.pool.DruidDataSource   : {dataSource-1} closing ...
2026-04-22 00:53:00.633  INFO 84960 --- [           main] com.alibaba.druid.pool.DruidDataSource   : {dataSource-1} closed
2026-04-22 00:53:00.634  INFO 84960 --- [           main] o.apache.catalina.core.StandardService   : Stopping service [Tomcat]
2026-04-22 00:53:00.646  INFO 84960 --- [           main] ConditionEvaluationReportLoggingListener : 

Error starting ApplicationContext. To display the conditions report re-run your application with 'debug' enabled.
2026-04-22 00:53:00.659 ERROR 84960 --- [           main] o.s.b.d.LoggingFailureAnalysisReporter   : 

***************************
APPLICATION FAILED TO START
***************************

Description:

Web server failed to start. Port 8091 was already in use.

Action:

Identify and stop the process that's listening on port 8091 or configure this application to listen on another port.

[INFO] ------------------------------------------------------------------------
[INFO] BUILD FAILURE
[INFO] ------------------------------------------------------------------------
[INFO] Total time:  17.192 s
[INFO] Finished at: 2026-04-22T00:53:00+08:00
[INFO] ------------------------------------------------------------------------
[ERROR] Failed to execute goal org.springframework.boot:spring-boot-maven-plugin:2.7.5:run (default-cli) on project CommonUtil: Application finished with exit code: 1 -> [Help 1]
[ERROR] 
[ERROR] To see the full stack trace of the errors, re-run Maven with the -e switch.
[ERROR] Re-run Maven using the -X switch to enable full debug logging.
[ERROR] 
[ERROR] For more information about the errors and possible solutions, please read the following articles:
[ERROR] [Help 1] http://cwiki.apache.org/confluence/display/MAVEN/MojoExecutionException
